The system is: Darwin - 12.3.0 - i386
Compiling the C compiler identification source file "CMakeCCompilerId.c" succeeded.
Compiler: /usr/bin/cc 
Build flags: 
Id flags: 

The output was:
0


Compilation of the C compiler identification source "CMakeCCompilerId.c" produced "a.out"

The C compiler identification is Clang, found in "/Users/templeprice/Desktop/programming/cs/photonmapper/kdtree/CMakeFiles/2.8.10/CompilerIdC/a.out"

Compiling the CXX compiler identification source file "CMakeCXXCompilerId.cpp" succeeded.
Compiler: /usr/bin/c++ 
Build flags: 
Id flags: 

The output was:
0


Compilation of the CXX compiler identification source "CMakeCXXCompilerId.cpp" produced "a.out"

The CXX compiler identification is Clang, found in "/Users/templeprice/Desktop/programming/cs/photonmapper/kdtree/CMakeFiles/2.8.10/CompilerIdCXX/a.out"

Determining if the C compiler works passed with the following output:
Change Dir: /Users/templeprice/Desktop/programming/cs/photonmapper/kdtree/CMakeFiles/CMakeTmp

Run Build Command:/opt/local/bin/gmake "cmTryCompileExec1134899604/fast"
/opt/local/bin/gmake -f CMakeFiles/cmTryCompileExec1134899604.dir/build.make CMakeFiles/cmTryCompileExec1134899604.dir/build
gmake[1]: Entering directory `/Users/templeprice/Desktop/programming/cs/photonmapper/kdtree/CMakeFiles/CMakeTmp'
/opt/local/bin/cmake -E cmake_progress_report /Users/templeprice/Desktop/programming/cs/photonmapper/kdtree/CMakeFiles/CMakeTmp/CMakeFiles 1
Building C object CMakeFiles/cmTryCompileExec1134899604.dir/testCCompiler.c.o
/usr/bin/cc    -o CMakeFiles/cmTryCompileExec1134899604.dir/testCCompiler.c.o   -c /Users/templeprice/Desktop/programming/cs/photonmapper/kdtree/CMakeFiles/CMakeTmp/testCCompiler.c
Linking C executable cmTryCompileExec1134899604
/opt/local/bin/cmake -E cmake_link_script CMakeFiles/cmTryCompileExec1134899604.dir/link.txt --verbose=1
/usr/bin/cc      -Wl,-search_paths_first -Wl,-headerpad_max_install_names   CMakeFiles/cmTryCompileExec1134899604.dir/testCCompiler.c.o  -o cmTryCompileExec1134899604  
gmake[1]: Leaving directory `/Users/templeprice/Desktop/programming/cs/photonmapper/kdtree/CMakeFiles/CMakeTmp'


Detecting C compiler ABI info compiled with the following output:
Change Dir: /Users/templeprice/Desktop/programming/cs/photonmapper/kdtree/CMakeFiles/CMakeTmp

Run Build Command:/opt/local/bin/gmake "cmTryCompileExec1485048154/fast"
/opt/local/bin/gmake -f CMakeFiles/cmTryCompileExec1485048154.dir/build.make CMakeFiles/cmTryCompileExec1485048154.dir/build
gmake[1]: Entering directory `/Users/templeprice/Desktop/programming/cs/photonmapper/kdtree/CMakeFiles/CMakeTmp'
/opt/local/bin/cmake -E cmake_progress_report /Users/templeprice/Desktop/programming/cs/photonmapper/kdtree/CMakeFiles/CMakeTmp/CMakeFiles 1
Building C object CMakeFiles/cmTryCompileExec1485048154.dir/CMakeCCompilerABI.c.o
/usr/bin/cc    -o CMakeFiles/cmTryCompileExec1485048154.dir/CMakeCCompilerABI.c.o   -c /opt/local/share/cmake-2.8/Modules/CMakeCCompilerABI.c
Linking C executable cmTryCompileExec1485048154
/opt/local/bin/cmake -E cmake_link_script CMakeFiles/cmTryCompileExec1485048154.dir/link.txt --verbose=1
/usr/bin/cc      -Wl,-search_paths_first -Wl,-headerpad_max_install_names -v CMakeFiles/cmTryCompileExec1485048154.dir/CMakeCCompilerABI.c.o  -o cmTryCompileExec1485048154   
Apple clang version 4.1 (tags/Apple/clang-421.11.66) (based on LLVM 3.1svn)
Target: x86_64-apple-darwin12.3.0
Thread model: posix
 "/usr/bin/ld" -demangle -dynamic -arch x86_64 -macosx_version_min 10.8.0 -o cmTryCompileExec1485048154 -search_paths_first -headerpad_max_install_names CMakeFiles/cmTryCompileExec1485048154.dir/CMakeCCompilerABI.c.o -lSystem /usr/bin/../lib/clang/4.1/lib/darwin/libclang_rt.osx.a
gmake[1]: Leaving directory `/Users/templeprice/Desktop/programming/cs/photonmapper/kdtree/CMakeFiles/CMakeTmp'


Parsed C implicit link information from above output:
  link line regex: [^( *|.*[/\])(ld|ld|collect2)[^/\]*( |$)]
  ignore line: [Change Dir: /Users/templeprice/Desktop/programming/cs/photonmapper/kdtree/CMakeFiles/CMakeTmp]
  ignore line: []
  ignore line: [Run Build Command:/opt/local/bin/gmake "cmTryCompileExec1485048154/fast"]
  ignore line: [/opt/local/bin/gmake -f CMakeFiles/cmTryCompileExec1485048154.dir/build.make CMakeFiles/cmTryCompileExec1485048154.dir/build]
  ignore line: [gmake[1]: Entering directory `/Users/templeprice/Desktop/programming/cs/photonmapper/kdtree/CMakeFiles/CMakeTmp']
  ignore line: [/opt/local/bin/cmake -E cmake_progress_report /Users/templeprice/Desktop/programming/cs/photonmapper/kdtree/CMakeFiles/CMakeTmp/CMakeFiles 1]
  ignore line: [Building C object CMakeFiles/cmTryCompileExec1485048154.dir/CMakeCCompilerABI.c.o]
  ignore line: [/usr/bin/cc    -o CMakeFiles/cmTryCompileExec1485048154.dir/CMakeCCompilerABI.c.o   -c /opt/local/share/cmake-2.8/Modules/CMakeCCompilerABI.c]
  ignore line: [Linking C executable cmTryCompileExec1485048154]
  ignore line: [/opt/local/bin/cmake -E cmake_link_script CMakeFiles/cmTryCompileExec1485048154.dir/link.txt --verbose=1]
  ignore line: [/usr/bin/cc      -Wl,-search_paths_first -Wl,-headerpad_max_install_names -v CMakeFiles/cmTryCompileExec1485048154.dir/CMakeCCompilerABI.c.o  -o cmTryCompileExec1485048154   ]
  ignore line: [Apple clang version 4.1 (tags/Apple/clang-421.11.66) (based on LLVM 3.1svn)]
  ignore line: [Target: x86_64-apple-darwin12.3.0]
  ignore line: [Thread model: posix]
  link line: [ "/usr/bin/ld" -demangle -dynamic -arch x86_64 -macosx_version_min 10.8.0 -o cmTryCompileExec1485048154 -search_paths_first -headerpad_max_install_names CMakeFiles/cmTryCompileExec1485048154.dir/CMakeCCompilerABI.c.o -lSystem /usr/bin/../lib/clang/4.1/lib/darwin/libclang_rt.osx.a]
    arg [/usr/bin/ld] ==> ignore
    arg [-demangle] ==> ignore
    arg [-dynamic] ==> ignore
    arg [-arch] ==> ignore
    arg [x86_64] ==> ignore
    arg [-macosx_version_min] ==> ignore
    arg [10.8.0] ==> ignore
    arg [-o] ==> ignore
    arg [cmTryCompileExec1485048154] ==> ignore
    arg [-search_paths_first] ==> ignore
    arg [-headerpad_max_install_names] ==> ignore
    arg [CMakeFiles/cmTryCompileExec1485048154.dir/CMakeCCompilerABI.c.o] ==> ignore
    arg [-lSystem] ==> lib [System]
    arg [/usr/bin/../lib/clang/4.1/lib/darwin/libclang_rt.osx.a] ==> lib [/usr/bin/../lib/clang/4.1/lib/darwin/libclang_rt.osx.a]
  remove lib [System]
  implicit libs: [/usr/bin/../lib/clang/4.1/lib/darwin/libclang_rt.osx.a]
  implicit dirs: []


Determining if the CXX compiler works passed with the following output:
Change Dir: /Users/templeprice/Desktop/programming/cs/photonmapper/kdtree/CMakeFiles/CMakeTmp

Run Build Command:/opt/local/bin/gmake "cmTryCompileExec165869809/fast"
/opt/local/bin/gmake -f CMakeFiles/cmTryCompileExec165869809.dir/build.make CMakeFiles/cmTryCompileExec165869809.dir/build
gmake[1]: Entering directory `/Users/templeprice/Desktop/programming/cs/photonmapper/kdtree/CMakeFiles/CMakeTmp'
/opt/local/bin/cmake -E cmake_progress_report /Users/templeprice/Desktop/programming/cs/photonmapper/kdtree/CMakeFiles/CMakeTmp/CMakeFiles 1
Building CXX object CMakeFiles/cmTryCompileExec165869809.dir/testCXXCompiler.cxx.o
/usr/bin/c++     -o CMakeFiles/cmTryCompileExec165869809.dir/testCXXCompiler.cxx.o -c /Users/templeprice/Desktop/programming/cs/photonmapper/kdtree/CMakeFiles/CMakeTmp/testCXXCompiler.cxx
Linking CXX executable cmTryCompileExec165869809
/opt/local/bin/cmake -E cmake_link_script CMakeFiles/cmTryCompileExec165869809.dir/link.txt --verbose=1
/usr/bin/c++       -Wl,-search_paths_first -Wl,-headerpad_max_install_names   CMakeFiles/cmTryCompileExec165869809.dir/testCXXCompiler.cxx.o  -o cmTryCompileExec165869809  
gmake[1]: Leaving directory `/Users/templeprice/Desktop/programming/cs/photonmapper/kdtree/CMakeFiles/CMakeTmp'


Detecting CXX compiler ABI info compiled with the following output:
Change Dir: /Users/templeprice/Desktop/programming/cs/photonmapper/kdtree/CMakeFiles/CMakeTmp

Run Build Command:/opt/local/bin/gmake "cmTryCompileExec1682893191/fast"
/opt/local/bin/gmake -f CMakeFiles/cmTryCompileExec1682893191.dir/build.make CMakeFiles/cmTryCompileExec1682893191.dir/build
gmake[1]: Entering directory `/Users/templeprice/Desktop/programming/cs/photonmapper/kdtree/CMakeFiles/CMakeTmp'
/opt/local/bin/cmake -E cmake_progress_report /Users/templeprice/Desktop/programming/cs/photonmapper/kdtree/CMakeFiles/CMakeTmp/CMakeFiles 1
Building CXX object CMakeFiles/cmTryCompileExec1682893191.dir/CMakeCXXCompilerABI.cpp.o
/usr/bin/c++     -o CMakeFiles/cmTryCompileExec1682893191.dir/CMakeCXXCompilerABI.cpp.o -c /opt/local/share/cmake-2.8/Modules/CMakeCXXCompilerABI.cpp
Linking CXX executable cmTryCompileExec1682893191
/opt/local/bin/cmake -E cmake_link_script CMakeFiles/cmTryCompileExec1682893191.dir/link.txt --verbose=1
/usr/bin/c++       -Wl,-search_paths_first -Wl,-headerpad_max_install_names -v CMakeFiles/cmTryCompileExec1682893191.dir/CMakeCXXCompilerABI.cpp.o  -o cmTryCompileExec1682893191   
Apple clang version 4.1 (tags/Apple/clang-421.11.66) (based on LLVM 3.1svn)
Target: x86_64-apple-darwin12.3.0
Thread model: posix
 "/usr/bin/ld" -demangle -dynamic -arch x86_64 -macosx_version_min 10.8.0 -o cmTryCompileExec1682893191 -search_paths_first -headerpad_max_install_names CMakeFiles/cmTryCompileExec1682893191.dir/CMakeCXXCompilerABI.cpp.o -lstdc++ -lSystem /usr/bin/../lib/clang/4.1/lib/darwin/libclang_rt.osx.a
gmake[1]: Leaving directory `/Users/templeprice/Desktop/programming/cs/photonmapper/kdtree/CMakeFiles/CMakeTmp'


Parsed CXX implicit link information from above output:
  link line regex: [^( *|.*[/\])(ld|ld|collect2)[^/\]*( |$)]
  ignore line: [Change Dir: /Users/templeprice/Desktop/programming/cs/photonmapper/kdtree/CMakeFiles/CMakeTmp]
  ignore line: []
  ignore line: [Run Build Command:/opt/local/bin/gmake "cmTryCompileExec1682893191/fast"]
  ignore line: [/opt/local/bin/gmake -f CMakeFiles/cmTryCompileExec1682893191.dir/build.make CMakeFiles/cmTryCompileExec1682893191.dir/build]
  ignore line: [gmake[1]: Entering directory `/Users/templeprice/Desktop/programming/cs/photonmapper/kdtree/CMakeFiles/CMakeTmp']
  ignore line: [/opt/local/bin/cmake -E cmake_progress_report /Users/templeprice/Desktop/programming/cs/photonmapper/kdtree/CMakeFiles/CMakeTmp/CMakeFiles 1]
  ignore line: [Building CXX object CMakeFiles/cmTryCompileExec1682893191.dir/CMakeCXXCompilerABI.cpp.o]
  ignore line: [/usr/bin/c++     -o CMakeFiles/cmTryCompileExec1682893191.dir/CMakeCXXCompilerABI.cpp.o -c /opt/local/share/cmake-2.8/Modules/CMakeCXXCompilerABI.cpp]
  ignore line: [Linking CXX executable cmTryCompileExec1682893191]
  ignore line: [/opt/local/bin/cmake -E cmake_link_script CMakeFiles/cmTryCompileExec1682893191.dir/link.txt --verbose=1]
  ignore line: [/usr/bin/c++       -Wl,-search_paths_first -Wl,-headerpad_max_install_names -v CMakeFiles/cmTryCompileExec1682893191.dir/CMakeCXXCompilerABI.cpp.o  -o cmTryCompileExec1682893191   ]
  ignore line: [Apple clang version 4.1 (tags/Apple/clang-421.11.66) (based on LLVM 3.1svn)]
  ignore line: [Target: x86_64-apple-darwin12.3.0]
  ignore line: [Thread model: posix]
  link line: [ "/usr/bin/ld" -demangle -dynamic -arch x86_64 -macosx_version_min 10.8.0 -o cmTryCompileExec1682893191 -search_paths_first -headerpad_max_install_names CMakeFiles/cmTryCompileExec1682893191.dir/CMakeCXXCompilerABI.cpp.o -lstdc++ -lSystem /usr/bin/../lib/clang/4.1/lib/darwin/libclang_rt.osx.a]
    arg [/usr/bin/ld] ==> ignore
    arg [-demangle] ==> ignore
    arg [-dynamic] ==> ignore
    arg [-arch] ==> ignore
    arg [x86_64] ==> ignore
    arg [-macosx_version_min] ==> ignore
    arg [10.8.0] ==> ignore
    arg [-o] ==> ignore
    arg [cmTryCompileExec1682893191] ==> ignore
    arg [-search_paths_first] ==> ignore
    arg [-headerpad_max_install_names] ==> ignore
    arg [CMakeFiles/cmTryCompileExec1682893191.dir/CMakeCXXCompilerABI.cpp.o] ==> ignore
    arg [-lstdc++] ==> lib [stdc++]
    arg [-lSystem] ==> lib [System]
    arg [/usr/bin/../lib/clang/4.1/lib/darwin/libclang_rt.osx.a] ==> lib [/usr/bin/../lib/clang/4.1/lib/darwin/libclang_rt.osx.a]
  remove lib [System]
  implicit libs: [stdc++;/usr/bin/../lib/clang/4.1/lib/darwin/libclang_rt.osx.a]
  implicit dirs: []


Determining if the Q_WS_MAC exist passed with the following output:
Change Dir: /Users/templeprice/Desktop/programming/cs/photonmapper/kdtree/CMakeFiles/CMakeTmp

Run Build Command:/opt/local/bin/gmake "cmTryCompileExec1032896657/fast"
/opt/local/bin/gmake -f CMakeFiles/cmTryCompileExec1032896657.dir/build.make CMakeFiles/cmTryCompileExec1032896657.dir/build
gmake[1]: Entering directory `/Users/templeprice/Desktop/programming/cs/photonmapper/kdtree/CMakeFiles/CMakeTmp'
/opt/local/bin/cmake -E cmake_progress_report /Users/templeprice/Desktop/programming/cs/photonmapper/kdtree/CMakeFiles/CMakeTmp/CMakeFiles 1
Building CXX object CMakeFiles/cmTryCompileExec1032896657.dir/CheckSymbolExists.cxx.o
/usr/bin/c++    -g -Wall   -I/opt/local/include    -o CMakeFiles/cmTryCompileExec1032896657.dir/CheckSymbolExists.cxx.o -c /Users/templeprice/Desktop/programming/cs/photonmapper/kdtree/CMakeFiles/CMakeTmp/CheckSymbolExists.cxx
Linking CXX executable cmTryCompileExec1032896657
/opt/local/bin/cmake -E cmake_link_script CMakeFiles/cmTryCompileExec1032896657.dir/link.txt --verbose=1
/usr/bin/c++    -g -Wall   -Wl,-search_paths_first -Wl,-headerpad_max_install_names   CMakeFiles/cmTryCompileExec1032896657.dir/CheckSymbolExists.cxx.o  -o cmTryCompileExec1032896657  
gmake[1]: Leaving directory `/Users/templeprice/Desktop/programming/cs/photonmapper/kdtree/CMakeFiles/CMakeTmp'

File /Users/templeprice/Desktop/programming/cs/photonmapper/kdtree/CMakeFiles/CMakeTmp/CheckSymbolExists.cxx:
/* */
#include <QtCore/qglobal.h>

int main(int argc, char** argv)
{
  (void)argv;
#ifndef Q_WS_MAC
  return ((int*)(&Q_WS_MAC))[argc];
#else
  (void)argc;
  return 0;
#endif
}

Determining if the QT_MAC_USE_COCOA exist passed with the following output:
Change Dir: /Users/templeprice/Desktop/programming/cs/photonmapper/kdtree/CMakeFiles/CMakeTmp

Run Build Command:/opt/local/bin/gmake "cmTryCompileExec1864858835/fast"
/opt/local/bin/gmake -f CMakeFiles/cmTryCompileExec1864858835.dir/build.make CMakeFiles/cmTryCompileExec1864858835.dir/build
gmake[1]: Entering directory `/Users/templeprice/Desktop/programming/cs/photonmapper/kdtree/CMakeFiles/CMakeTmp'
/opt/local/bin/cmake -E cmake_progress_report /Users/templeprice/Desktop/programming/cs/photonmapper/kdtree/CMakeFiles/CMakeTmp/CMakeFiles 1
Building CXX object CMakeFiles/cmTryCompileExec1864858835.dir/CheckSymbolExists.cxx.o
/usr/bin/c++    -g -Wall   -I/opt/local/include    -o CMakeFiles/cmTryCompileExec1864858835.dir/CheckSymbolExists.cxx.o -c /Users/templeprice/Desktop/programming/cs/photonmapper/kdtree/CMakeFiles/CMakeTmp/CheckSymbolExists.cxx
Linking CXX executable cmTryCompileExec1864858835
/opt/local/bin/cmake -E cmake_link_script CMakeFiles/cmTryCompileExec1864858835.dir/link.txt --verbose=1
/usr/bin/c++    -g -Wall   -Wl,-search_paths_first -Wl,-headerpad_max_install_names   CMakeFiles/cmTryCompileExec1864858835.dir/CheckSymbolExists.cxx.o  -o cmTryCompileExec1864858835  
gmake[1]: Leaving directory `/Users/templeprice/Desktop/programming/cs/photonmapper/kdtree/CMakeFiles/CMakeTmp'

File /Users/templeprice/Desktop/programming/cs/photonmapper/kdtree/CMakeFiles/CMakeTmp/CheckSymbolExists.cxx:
/* */
#include <QtCore/qconfig.h>

int main(int argc, char** argv)
{
  (void)argv;
#ifndef QT_MAC_USE_COCOA
  return ((int*)(&QT_MAC_USE_COCOA))[argc];
#else
  (void)argc;
  return 0;
#endif
}

