Determining if the Q_WS_X11 exist failed with the following output:
Change Dir: /Users/templeprice/Desktop/programming/cs/photonmapper/kdtree/CMakeFiles/CMakeTmp

Run Build Command:/opt/local/bin/gmake "cmTryCompileExec2950363197/fast"
/opt/local/bin/gmake -f CMakeFiles/cmTryCompileExec2950363197.dir/build.make CMakeFiles/cmTryCompileExec2950363197.dir/build
gmake[1]: Entering directory `/Users/templeprice/Desktop/programming/cs/photonmapper/kdtree/CMakeFiles/CMakeTmp'
/opt/local/bin/cmake -E cmake_progress_report /Users/templeprice/Desktop/programming/cs/photonmapper/kdtree/CMakeFiles/CMakeTmp/CMakeFiles 1
Building CXX object CMakeFiles/cmTryCompileExec2950363197.dir/CheckSymbolExists.cxx.o
/usr/bin/c++    -g -Wall   -I/opt/local/include    -o CMakeFiles/cmTryCompileExec2950363197.dir/CheckSymbolExists.cxx.o -c /Users/templeprice/Desktop/programming/cs/photonmapper/kdtree/CMakeFiles/CMakeTmp/CheckSymbolExists.cxx
/Users/templeprice/Desktop/programming/cs/photonmapper/kdtree/CMakeFiles/CMakeTmp/CheckSymbolExists.cxx:8:19: error: use of undeclared identifier 'Q_WS_X11'
  return ((int*)(&Q_WS_X11))[argc];
                  ^
1 error generated.
gmake[1]: *** [CMakeFiles/cmTryCompileExec2950363197.dir/CheckSymbolExists.cxx.o] Error 1
gmake[1]: Leaving directory `/Users/templeprice/Desktop/programming/cs/photonmapper/kdtree/CMakeFiles/CMakeTmp'
gmake: *** [cmTryCompileExec2950363197/fast] Error 2

File /Users/templeprice/Desktop/programming/cs/photonmapper/kdtree/CMakeFiles/CMakeTmp/CheckSymbolExists.cxx:
/* */
#include <QtCore/qglobal.h>

int main(int argc, char** argv)
{
  (void)argv;
#ifndef Q_WS_X11
  return ((int*)(&Q_WS_X11))[argc];
#else
  (void)argc;
  return 0;
#endif
}

Determining if the Q_WS_WIN exist failed with the following output:
Change Dir: /Users/templeprice/Desktop/programming/cs/photonmapper/kdtree/CMakeFiles/CMakeTmp

Run Build Command:/opt/local/bin/gmake "cmTryCompileExec2684482903/fast"
/opt/local/bin/gmake -f CMakeFiles/cmTryCompileExec2684482903.dir/build.make CMakeFiles/cmTryCompileExec2684482903.dir/build
gmake[1]: Entering directory `/Users/templeprice/Desktop/programming/cs/photonmapper/kdtree/CMakeFiles/CMakeTmp'
/opt/local/bin/cmake -E cmake_progress_report /Users/templeprice/Desktop/programming/cs/photonmapper/kdtree/CMakeFiles/CMakeTmp/CMakeFiles 1
Building CXX object CMakeFiles/cmTryCompileExec2684482903.dir/CheckSymbolExists.cxx.o
/usr/bin/c++    -g -Wall   -I/opt/local/include    -o CMakeFiles/cmTryCompileExec2684482903.dir/CheckSymbolExists.cxx.o -c /Users/templeprice/Desktop/programming/cs/photonmapper/kdtree/CMakeFiles/CMakeTmp/CheckSymbolExists.cxx
/Users/templeprice/Desktop/programming/cs/photonmapper/kdtree/CMakeFiles/CMakeTmp/CheckSymbolExists.cxx:8:19: error: use of undeclared identifier 'Q_WS_WIN'
  return ((int*)(&Q_WS_WIN))[argc];
                  ^
1 error generated.
gmake[1]: *** [CMakeFiles/cmTryCompileExec2684482903.dir/CheckSymbolExists.cxx.o] Error 1
gmake[1]: Leaving directory `/Users/templeprice/Desktop/programming/cs/photonmapper/kdtree/CMakeFiles/CMakeTmp'
gmake: *** [cmTryCompileExec2684482903/fast] Error 2

File /Users/templeprice/Desktop/programming/cs/photonmapper/kdtree/CMakeFiles/CMakeTmp/CheckSymbolExists.cxx:
/* */
#include <QtCore/qglobal.h>

int main(int argc, char** argv)
{
  (void)argv;
#ifndef Q_WS_WIN
  return ((int*)(&Q_WS_WIN))[argc];
#else
  (void)argc;
  return 0;
#endif
}

Determining if the Q_WS_QWS exist failed with the following output:
Change Dir: /Users/templeprice/Desktop/programming/cs/photonmapper/kdtree/CMakeFiles/CMakeTmp

Run Build Command:/opt/local/bin/gmake "cmTryCompileExec2274117707/fast"
/opt/local/bin/gmake -f CMakeFiles/cmTryCompileExec2274117707.dir/build.make CMakeFiles/cmTryCompileExec2274117707.dir/build
gmake[1]: Entering directory `/Users/templeprice/Desktop/programming/cs/photonmapper/kdtree/CMakeFiles/CMakeTmp'
/opt/local/bin/cmake -E cmake_progress_report /Users/templeprice/Desktop/programming/cs/photonmapper/kdtree/CMakeFiles/CMakeTmp/CMakeFiles 1
Building CXX object CMakeFiles/cmTryCompileExec2274117707.dir/CheckSymbolExists.cxx.o
/usr/bin/c++    -g -Wall   -I/opt/local/include    -o CMakeFiles/cmTryCompileExec2274117707.dir/CheckSymbolExists.cxx.o -c /Users/templeprice/Desktop/programming/cs/photonmapper/kdtree/CMakeFiles/CMakeTmp/CheckSymbolExists.cxx
/Users/templeprice/Desktop/programming/cs/photonmapper/kdtree/CMakeFiles/CMakeTmp/CheckSymbolExists.cxx:8:19: error: use of undeclared identifier 'Q_WS_QWS'
  return ((int*)(&Q_WS_QWS))[argc];
                  ^
1 error generated.
gmake[1]: Leaving directory `/Users/templeprice/Desktop/programming/cs/photonmapper/kdtree/CMakeFiles/CMakeTmp'
gmake[1]: *** [CMakeFiles/cmTryCompileExec2274117707.dir/CheckSymbolExists.cxx.o] Error 1
gmake: *** [cmTryCompileExec2274117707/fast] Error 2

File /Users/templeprice/Desktop/programming/cs/photonmapper/kdtree/CMakeFiles/CMakeTmp/CheckSymbolExists.cxx:
/* */
#include <QtCore/qglobal.h>

int main(int argc, char** argv)
{
  (void)argv;
#ifndef Q_WS_QWS
  return ((int*)(&Q_WS_QWS))[argc];
#else
  (void)argc;
  return 0;
#endif
}

